C:\Users\jasz\Documents\Visual Studio 2017\Projects\Sinum.Homini\Sinum.Homini.Web\App\hominimodule.js
C:\Users\jasz\Documents\Visual Studio 2017\Projects\Sinum.Homini\Sinum.Homini.Web\App\hominimodule.js.map
C:\Users\jasz\Documents\Visual Studio 2017\Projects\Sinum.Homini\Sinum.Homini.Web\App\common\services\taskservice.js
C:\Users\jasz\Documents\Visual Studio 2017\Projects\Sinum.Homini\Sinum.Homini.Web\App\common\services\taskservice.js.map
C:\Users\jasz\Documents\Visual Studio 2017\Projects\Sinum.Homini\Sinum.Homini.Web\App\main\maincontroller.js
C:\Users\jasz\Documents\Visual Studio 2017\Projects\Sinum.Homini\Sinum.Homini.Web\App\main\maincontroller.js.map
C:\Users\jasz\Documents\Visual Studio 2017\Projects\Sinum.Homini\Sinum.Homini.Web\App\common\models\task.js
C:\Users\jasz\Documents\Visual Studio 2017\Projects\Sinum.Homini\Sinum.Homini.Web\App\common\models\task.js.map
C:\Users\jasz\Documents\Visual Studio 2017\Projects\Sinum.Homini\Sinum.Homini.Web\App\status\statuscontroller.js
C:\Users\jasz\Documents\Visual Studio 2017\Projects\Sinum.Homini\Sinum.Homini.Web\App\status\statuscontroller.js.map
C:\Users\jasz\Documents\Visual Studio 2017\Projects\Sinum.Homini\Sinum.Homini.Web\App\status\istatuscontrollerscope.js
C:\Users\jasz\Documents\Visual Studio 2017\Projects\Sinum.Homini\Sinum.Homini.Web\App\status\istatuscontrollerscope.js.map
C:\Users\jasz\Documents\Visual Studio 2017\Projects\Sinum.Homini\Sinum.Homini.Web\App\directives.js
C:\Users\jasz\Documents\Visual Studio 2017\Projects\Sinum.Homini\Sinum.Homini.Web\App\directives.js.map
C:\Users\jasz\Documents\Visual Studio 2017\Projects\Sinum.Homini\Sinum.Homini.Web\App\common\directives\taskfocus\taskfocus.js
C:\Users\jasz\Documents\Visual Studio 2017\Projects\Sinum.Homini\Sinum.Homini.Web\App\common\directives\taskfocus\taskfocus.js.map
C:\Users\jasz\Documents\Visual Studio 2017\Projects\Sinum.Homini\Sinum.Homini.Web\App\common\directives\edittask\edittask.js
C:\Users\jasz\Documents\Visual Studio 2017\Projects\Sinum.Homini\Sinum.Homini.Web\App\common\directives\edittask\edittask.js.map
C:\Users\jasz\Documents\Visual Studio 2017\Projects\Sinum.Homini\Sinum.Homini.Web\App\_references.js
C:\Users\jasz\Documents\Visual Studio 2017\Projects\Sinum.Homini\Sinum.Homini.Web\App\_references.js.map
C:\Users\jasz\Documents\Visual Studio 2017\Projects\Sinum.Homini\Sinum.Homini.Web\App\Main\IMainControllerScope.js
C:\Users\jasz\Documents\Visual Studio 2017\Projects\Sinum.Homini\Sinum.Homini.Web\App\Main\IMainControllerScope.js.map
C:\Users\jasz\Documents\Visual Studio 2017\Projects\Sinum.Homini\Sinum.Homini.Web\App\hominimodule.js
C:\Users\jasz\Documents\Visual Studio 2017\Projects\Sinum.Homini\Sinum.Homini.Web\App\hominimodule.js.map
C:\Users\jasz\Documents\Visual Studio 2017\Projects\Sinum.Homini\Sinum.Homini.Web\App\common\services\taskservice.js
C:\Users\jasz\Documents\Visual Studio 2017\Projects\Sinum.Homini\Sinum.Homini.Web\App\common\services\taskservice.js.map
C:\Users\jasz\Documents\Visual Studio 2017\Projects\Sinum.Homini\Sinum.Homini.Web\App\main\maincontroller.js
C:\Users\jasz\Documents\Visual Studio 2017\Projects\Sinum.Homini\Sinum.Homini.Web\App\main\maincontroller.js.map
C:\Users\jasz\Documents\Visual Studio 2017\Projects\Sinum.Homini\Sinum.Homini.Web\App\common\models\task.js
C:\Users\jasz\Documents\Visual Studio 2017\Projects\Sinum.Homini\Sinum.Homini.Web\App\common\models\task.js.map
C:\Users\jasz\Documents\Visual Studio 2017\Projects\Sinum.Homini\Sinum.Homini.Web\App\status\statuscontroller.js
C:\Users\jasz\Documents\Visual Studio 2017\Projects\Sinum.Homini\Sinum.Homini.Web\App\status\statuscontroller.js.map
C:\Users\jasz\Documents\Visual Studio 2017\Projects\Sinum.Homini\Sinum.Homini.Web\App\status\istatuscontrollerscope.js
C:\Users\jasz\Documents\Visual Studio 2017\Projects\Sinum.Homini\Sinum.Homini.Web\App\status\istatuscontrollerscope.js.map
C:\Users\jasz\Documents\Visual Studio 2017\Projects\Sinum.Homini\Sinum.Homini.Web\App\directives.js
C:\Users\jasz\Documents\Visual Studio 2017\Projects\Sinum.Homini\Sinum.Homini.Web\App\directives.js.map
C:\Users\jasz\Documents\Visual Studio 2017\Projects\Sinum.Homini\Sinum.Homini.Web\App\common\directives\taskfocus\taskfocus.js
C:\Users\jasz\Documents\Visual Studio 2017\Projects\Sinum.Homini\Sinum.Homini.Web\App\common\directives\taskfocus\taskfocus.js.map
C:\Users\jasz\Documents\Visual Studio 2017\Projects\Sinum.Homini\Sinum.Homini.Web\App\common\directives\edittask\edittask.js
C:\Users\jasz\Documents\Visual Studio 2017\Projects\Sinum.Homini\Sinum.Homini.Web\App\common\directives\edittask\edittask.js.map
C:\Users\jasz\Documents\Visual Studio 2017\Projects\Sinum.Homini\Sinum.Homini.Web\App\_references.js
C:\Users\jasz\Documents\Visual Studio 2017\Projects\Sinum.Homini\Sinum.Homini.Web\App\_references.js.map
C:\Users\jasz\Documents\Visual Studio 2017\Projects\Sinum.Homini\Sinum.Homini.Web\App\Main\IMainControllerScope.js
C:\Users\jasz\Documents\Visual Studio 2017\Projects\Sinum.Homini\Sinum.Homini.Web\App\Main\IMainControllerScope.js.map
